Traceback (most recent call last):
  File "C:\Users\LENOVO\AppData\Local\Programs\Python\Python39\lib\site-packages\jupyter_core\utils\__init__.py", line 154, in wrapped
    asyncio.get_running_loop()
RuntimeError: no running event loop

During handling of the above exception, another exception occurred:

Traceback (most recent call last):
  File "C:\Users\LENOVO\AppData\Local\Programs\Python\Python39\lib\site-packages\jupyter_cache\executors\utils.py", line 58, in single_nb_execution
    executenb(
  File "C:\Users\LENOVO\AppData\Local\Programs\Python\Python39\lib\site-packages\nbclient\client.py", line 1305, in execute
    return NotebookClient(nb=nb, resources=resources, km=km, **kwargs).execute()
  File "C:\Users\LENOVO\AppData\Local\Programs\Python\Python39\lib\site-packages\jupyter_core\utils\__init__.py", line 158, in wrapped
    return loop.run_until_complete(inner)
  File "C:\Users\LENOVO\AppData\Local\Programs\Python\Python39\lib\asyncio\base_events.py", line 642, in run_until_complete
    return future.result()
  File "C:\Users\LENOVO\AppData\Local\Programs\Python\Python39\lib\site-packages\nbclient\client.py", line 705, in async_execute
    await self.async_execute_cell(
  File "C:\Users\LENOVO\AppData\Local\Programs\Python\Python39\lib\site-packages\nbclient\client.py", line 1058, in async_execute_cell
    await self._check_raise_for_error(cell, cell_index, exec_reply)
  File "C:\Users\LENOVO\AppData\Local\Programs\Python\Python39\lib\site-packages\nbclient\client.py", line 914, in _check_raise_for_error
    raise CellExecutionError.from_cell_and_msg(cell, exec_reply_content)
nbclient.exceptions.CellExecutionError: An error occurred while executing the following cell:
------------------
!pip install gower seaborn

import pandas as pd
import gower
import seaborn as sns
import matplotlib.pyplot as plt
from google.colab import files

uploaded = files.upload()

filename = list(uploaded.keys())[0]

df = pd.read_csv(filename)

print("Preview dataset:")
display(df.head())

distance_matrix = gower.gower_matrix(df)

distance_df = pd.DataFrame(distance_matrix, index=df.index, columns=df.index)

plt.figure(figsize=(10,8))
sns.heatmap(distance_df, cmap='viridis')
plt.title("Distance Matrix (Gower Distance)")
plt.show()
------------------

----- stdout -----
Requirement already satisfied: gower in c:\users\lenovo\appdata\local\programs\python\python39\lib\site-packages (0.1.2)
Requirement already satisfied: seaborn in c:\users\lenovo\appdata\local\programs\python\python39\lib\site-packages (0.13.2)
Requirement already satisfied: numpy in c:\users\lenovo\appdata\local\programs\python\python39\lib\site-packages (from gower) (1.26.4)
Requirement already satisfied: scipy in c:\users\lenovo\appdata\local\programs\python\python39\lib\site-packages (from gower) (1.13.1)
Requirement already satisfied: pandas>=1.2 in c:\users\lenovo\appdata\local\programs\python\python39\lib\site-packages (from seaborn) (2.3.3)
Requirement already satisfied: matplotlib!=3.6.1,>=3.4 in c:\users\lenovo\appdata\local\programs\python\python39\lib\site-packages (from seaborn) (3.9.4)
Requirement already satisfied: contourpy>=1.0.1 in c:\users\lenovo\appdata\local\programs\python\python39\lib\site-packages (from matplotlib!=3.6.1,>=3.4->seaborn) (1.3.0)
Requirement already satisfied: cycler>=0.10 in c:\users\lenovo\appdata\local\programs\python\python39\lib\site-packages (from matplotlib!=3.6.1,>=3.4->seaborn) (0.12.1)
Requirement already satisfied: fonttools>=4.22.0 in c:\users\lenovo\appdata\local\programs\python\python39\lib\site-packages (from matplotlib!=3.6.1,>=3.4->seaborn) (4.60.2)
Requirement already satisfied: kiwisolver>=1.3.1 in c:\users\lenovo\appdata\local\programs\python\python39\lib\site-packages (from matplotlib!=3.6.1,>=3.4->seaborn) (1.4.7)
Requirement already satisfied: packaging>=20.0 in c:\users\lenovo\appdata\local\programs\python\python39\lib\site-packages (from matplotlib!=3.6.1,>=3.4->seaborn) (26.0)
Requirement already satisfied: pillow>=8 in c:\users\lenovo\appdata\local\programs\python\python39\lib\site-packages (from matplotlib!=3.6.1,>=3.4->seaborn) (11.3.0)
Requirement already satisfied: pyparsing>=2.3.1 in c:\users\lenovo\appdata\local\programs\python\python39\lib\site-packages (from matplotlib!=3.6.1,>=3.4->seaborn) (3.3.2)
Requirement already satisfied: python-dateutil>=2.7 in c:\users\lenovo\appdata\local\programs\python\python39\lib\site-packages (from matplotlib!=3.6.1,>=3.4->seaborn) (2.9.0.post0)
Requirement already satisfied: importlib-resources>=3.2.0 in c:\users\lenovo\appdata\local\programs\python\python39\lib\site-packages (from matplotlib!=3.6.1,>=3.4->seaborn) (6.5.2)
Requirement already satisfied: zipp>=3.1.0 in c:\users\lenovo\appdata\local\programs\python\python39\lib\site-packages (from importlib-resources>=3.2.0->matplotlib!=3.6.1,>=3.4->seaborn) (3.23.0)
Requirement already satisfied: pytz>=2020.1 in c:\users\lenovo\appdata\local\programs\python\python39\lib\site-packages (from pandas>=1.2->seaborn) (2026.1.post1)
Requirement already satisfied: tzdata>=2022.7 in c:\users\lenovo\appdata\local\programs\python\python39\lib\site-packages (from pandas>=1.2->seaborn) (2026.1)
Requirement already satisfied: six>=1.5 in c:\users\lenovo\appdata\local\programs\python\python39\lib\site-packages (from python-dateutil>=2.7->matplotlib!=3.6.1,>=3.4->seaborn) (1.17.0)
------------------

[1;31m---------------------------------------------------------------------------[0m
[1;31mModuleNotFoundError[0m                       Traceback (most recent call last)
Cell [1;32mIn[1], line 7[0m
[0;32m      5[0m [38;5;28;01mimport[39;00m[38;5;250m [39m[38;5;21;01mseaborn[39;00m[38;5;250m [39m[38;5;28;01mas[39;00m[38;5;250m [39m[38;5;21;01msns[39;00m
[0;32m      6[0m [38;5;28;01mimport[39;00m[38;5;250m [39m[38;5;21;01mmatplotlib[39;00m[38;5;21;01m.[39;00m[38;5;21;01mpyplot[39;00m[38;5;250m [39m[38;5;28;01mas[39;00m[38;5;250m [39m[38;5;21;01mplt[39;00m
[1;32m----> 7[0m [38;5;28;01mfrom[39;00m[38;5;250m [39m[38;5;21;01mgoogle[39;00m[38;5;21;01m.[39;00m[38;5;21;01mcolab[39;00m[38;5;250m [39m[38;5;28;01mimport[39;00m files
[0;32m      9[0m uploaded [38;5;241m=[39m files[38;5;241m.[39mupload()
[0;32m     11[0m filename [38;5;241m=[39m [38;5;28mlist[39m(uploaded[38;5;241m.[39mkeys())[[38;5;241m0[39m]

[1;31mModuleNotFoundError[0m: No module named 'google'

